{"contracts/FactorySample/ContractFactory.sol":{"l":{"6":0,"7":0,"13":0,"17":0,"21":0,"31":0},"path":"/Users/antonvs/Projects/gnosis/Onboarding-ICO/contracts/FactorySample/ContractFactory.sol","s":{"1":0,"2":0,"3":0,"4":0,"5":0},"b":{},"f":{"1":0,"2":0,"3":0,"4":0,"5":0},"fnMap":{"1":{"name":"createContract","line":5,"loc":{"start":{"line":5,"column":4},"end":{"line":5,"column":40}}},"2":{"name":"getnewContracts","line":12,"loc":{"start":{"line":12,"column":4},"end":{"line":12,"column":53}}},"3":{"name":"depositEther","line":16,"loc":{"start":{"line":16,"column":4},"end":{"line":16,"column":33}}},"4":{"name":"returnEther","line":20,"loc":{"start":{"line":20,"column":4},"end":{"line":20,"column":44}}},"5":{"name":"Contract","line":30,"loc":{"start":{"line":30,"column":4},"end":{"line":30,"column":34}}}},"statementMap":{"1":{"start":{"line":6,"column":8},"end":{"line":6,"column":47}},"2":{"start":{"line":13,"column":8},"end":{"line":13,"column":27}},"3":{"start":{"line":17,"column":8},"end":{"line":17,"column":28}},"4":{"start":{"line":21,"column":8},"end":{"line":21,"column":18}},"5":{"start":{"line":31,"column":8},"end":{"line":31,"column":18}}},"branchMap":{}},"contracts/lib/SafeMath.sol":{"l":{"28":0,"31":0,"32":0,"34":0,"38":0,"39":0,"40":0,"41":0,"42":0,"45":0,"46":0,"61":0,"62":0,"63":0,"64":0,"65":0,"66":0,"67":0,"68":0,"69":0,"70":0,"71":0,"72":0,"73":0,"74":0,"75":0,"76":0,"77":0,"78":0,"79":0,"80":0,"81":0,"82":0,"83":0,"84":0,"85":0,"86":0,"87":0,"88":0,"89":0,"90":0,"91":0,"92":0,"93":0,"94":0,"95":0,"96":0,"97":0,"100":0,"111":0,"113":0,"114":0,"115":0,"116":0,"118":0,"124":0,"125":0,"126":0,"127":0,"128":0,"129":0,"130":0,"131":0,"132":0,"133":0,"134":0,"135":0,"136":0,"137":0,"138":0,"139":0,"140":0,"141":0,"142":0,"143":0,"144":0,"145":0,"146":0,"147":0,"148":0,"149":0,"150":0,"161":0,"162":0,"164":0,"165":0,"166":0,"167":0,"169":0,"170":0,"182":0,"183":0,"184":0,"185":0,"186":0,"198":0,"210":0,"222":0,"234":0,"235":0,"247":0,"248":0,"260":0,"261":0,"273":0,"285":0,"297":0,"309":0,"310":0,"322":0,"323":0,"335":0,"336":0},"path":"/Users/antonvs/Projects/gnosis/Onboarding-ICO/contracts/lib/SafeMath.sol","s":{"1":0,"2":0,"3":0,"4":0,"5":0,"6":0,"7":0,"8":0,"9":0,"10":0,"11":0,"12":0,"13":0,"14":0,"15":0,"16":0,"17":0,"18":0,"19":0,"20":0,"21":0,"22":0,"23":0,"24":0,"25":0,"26":0,"27":0,"28":0,"29":0,"30":0,"31":0,"32":0,"33":0,"34":0,"35":0,"36":0,"37":0,"38":0,"39":0,"40":0,"41":0,"42":0,"43":0,"44":0,"45":0,"46":0,"47":0,"48":0,"49":0,"50":0,"51":0,"52":0,"53":0,"54":0,"55":0,"56":0,"57":0,"58":0,"59":0,"60":0,"61":0,"62":0,"63":0,"64":0,"65":0,"66":0,"67":0,"68":0,"69":0,"70":0,"71":0,"72":0,"73":0,"74":0,"75":0,"76":0,"77":0,"78":0,"79":0,"80":0,"81":0,"82":0,"83":0,"84":0,"85":0,"86":0,"87":0,"88":0,"89":0,"90":0,"91":0,"92":0,"93":0,"94":0,"95":0,"96":0,"97":0,"98":0,"99":0,"100":0,"101":0,"102":0,"103":0,"104":0,"105":0,"106":0,"107":0,"108":0,"109":0,"110":0},"b":{"1":[0,0],"2":[0,0],"3":[0,0],"4":[0,0],"5":[0,0],"6":[0,0],"7":[0,0],"8":[0,0],"9":[0,0],"10":[0,0],"11":[0,0],"12":[0,0],"13":[0,0],"14":[0,0],"15":[0,0],"16":[0,0]},"f":{"1":0,"2":0,"3":0,"4":0,"5":0,"6":0,"7":0,"8":0,"9":0,"10":0,"11":0,"12":0,"13":0,"14":0,"15":0,"16":0},"fnMap":{"1":{"name":"exp","line":21,"loc":{"start":{"line":21,"column":4},"end":{"line":25,"column":5}}},"2":{"name":"ln","line":106,"loc":{"start":{"line":106,"column":4},"end":{"line":110,"column":5}}},"3":{"name":"floorLog2","line":156,"loc":{"start":{"line":156,"column":4},"end":{"line":160,"column":5}}},"4":{"name":"max","line":177,"loc":{"start":{"line":177,"column":4},"end":{"line":181,"column":5}}},"5":{"name":"safeToAdd","line":193,"loc":{"start":{"line":193,"column":4},"end":{"line":197,"column":5}}},"6":{"name":"safeToSub","line":205,"loc":{"start":{"line":205,"column":4},"end":{"line":209,"column":5}}},"7":{"name":"safeToMul","line":217,"loc":{"start":{"line":217,"column":4},"end":{"line":221,"column":5}}},"8":{"name":"add","line":229,"loc":{"start":{"line":229,"column":4},"end":{"line":233,"column":5}}},"9":{"name":"sub","line":242,"loc":{"start":{"line":242,"column":4},"end":{"line":246,"column":5}}},"10":{"name":"mul","line":255,"loc":{"start":{"line":255,"column":4},"end":{"line":259,"column":5}}},"11":{"name":"safeToAdd","line":268,"loc":{"start":{"line":268,"column":4},"end":{"line":272,"column":5}}},"12":{"name":"safeToSub","line":280,"loc":{"start":{"line":280,"column":4},"end":{"line":284,"column":5}}},"13":{"name":"safeToMul","line":292,"loc":{"start":{"line":292,"column":4},"end":{"line":296,"column":5}}},"14":{"name":"add","line":304,"loc":{"start":{"line":304,"column":4},"end":{"line":308,"column":5}}},"15":{"name":"sub","line":317,"loc":{"start":{"line":317,"column":4},"end":{"line":321,"column":5}}},"16":{"name":"mul","line":330,"loc":{"start":{"line":330,"column":4},"end":{"line":334,"column":5}}}},"statementMap":{"1":{"start":{"line":28,"column":8},"end":{"line":28,"column":43}},"2":{"start":{"line":31,"column":8},"end":{"line":31,"column":990}},"3":{"start":{"line":32,"column":12},"end":{"line":32,"column":20}},"4":{"start":{"line":34,"column":8},"end":{"line":34,"column":34}},"5":{"start":{"line":40,"column":8},"end":{"line":40,"column":1278}},"6":{"start":{"line":41,"column":12},"end":{"line":41,"column":31}},"7":{"start":{"line":42,"column":12},"end":{"line":42,"column":33}},"8":{"start":{"line":45,"column":12},"end":{"line":45,"column":35}},"9":{"start":{"line":46,"column":12},"end":{"line":46,"column":40}},"10":{"start":{"line":61,"column":8},"end":{"line":61,"column":20}},"11":{"start":{"line":62,"column":8},"end":{"line":62,"column":24}},"12":{"start":{"line":63,"column":8},"end":{"line":63,"column":48}},"13":{"start":{"line":64,"column":8},"end":{"line":64,"column":28}},"14":{"start":{"line":65,"column":8},"end":{"line":65,"column":48}},"15":{"start":{"line":66,"column":8},"end":{"line":66,"column":28}},"16":{"start":{"line":67,"column":8},"end":{"line":67,"column":47}},"17":{"start":{"line":68,"column":8},"end":{"line":68,"column":28}},"18":{"start":{"line":69,"column":8},"end":{"line":69,"column":47}},"19":{"start":{"line":70,"column":8},"end":{"line":70,"column":28}},"20":{"start":{"line":71,"column":8},"end":{"line":71,"column":46}},"21":{"start":{"line":72,"column":8},"end":{"line":72,"column":28}},"22":{"start":{"line":73,"column":8},"end":{"line":73,"column":45}},"23":{"start":{"line":74,"column":8},"end":{"line":74,"column":28}},"24":{"start":{"line":75,"column":8},"end":{"line":75,"column":44}},"25":{"start":{"line":76,"column":8},"end":{"line":76,"column":28}},"26":{"start":{"line":77,"column":8},"end":{"line":77,"column":44}},"27":{"start":{"line":78,"column":8},"end":{"line":78,"column":28}},"28":{"start":{"line":79,"column":8},"end":{"line":79,"column":43}},"29":{"start":{"line":80,"column":8},"end":{"line":80,"column":28}},"30":{"start":{"line":81,"column":8},"end":{"line":81,"column":42}},"31":{"start":{"line":82,"column":8},"end":{"line":82,"column":28}},"32":{"start":{"line":83,"column":8},"end":{"line":83,"column":41}},"33":{"start":{"line":84,"column":8},"end":{"line":84,"column":28}},"34":{"start":{"line":85,"column":8},"end":{"line":85,"column":40}},"35":{"start":{"line":86,"column":8},"end":{"line":86,"column":28}},"36":{"start":{"line":87,"column":8},"end":{"line":87,"column":39}},"37":{"start":{"line":88,"column":8},"end":{"line":88,"column":28}},"38":{"start":{"line":89,"column":8},"end":{"line":89,"column":38}},"39":{"start":{"line":90,"column":8},"end":{"line":90,"column":28}},"40":{"start":{"line":91,"column":8},"end":{"line":91,"column":36}},"41":{"start":{"line":92,"column":8},"end":{"line":92,"column":28}},"42":{"start":{"line":93,"column":8},"end":{"line":93,"column":35}},"43":{"start":{"line":94,"column":8},"end":{"line":94,"column":3287}},"44":{"start":{"line":95,"column":12},"end":{"line":95,"column":3313}},"45":{"start":{"line":96,"column":16},"end":{"line":96,"column":33}},"46":{"start":{"line":97,"column":12},"end":{"line":97,"column":34}},"47":{"start":{"line":100,"column":12},"end":{"line":100,"column":37}},"48":{"start":{"line":111,"column":8},"end":{"line":111,"column":21}},"49":{"start":{"line":113,"column":8},"end":{"line":113,"column":31}},"50":{"start":{"line":115,"column":8},"end":{"line":115,"column":3794}},"51":{"start":{"line":116,"column":12},"end":{"line":116,"column":37}},"52":{"start":{"line":118,"column":12},"end":{"line":118,"column":36}},"53":{"start":{"line":124,"column":8},"end":{"line":124,"column":60}},"54":{"start":{"line":125,"column":8},"end":{"line":125,"column":25}},"55":{"start":{"line":126,"column":8},"end":{"line":126,"column":61}},"56":{"start":{"line":127,"column":8},"end":{"line":127,"column":29}},"57":{"start":{"line":128,"column":8},"end":{"line":128,"column":60}},"58":{"start":{"line":129,"column":8},"end":{"line":129,"column":29}},"59":{"start":{"line":130,"column":8},"end":{"line":130,"column":60}},"60":{"start":{"line":131,"column":8},"end":{"line":131,"column":29}},"61":{"start":{"line":132,"column":8},"end":{"line":132,"column":60}},"62":{"start":{"line":133,"column":8},"end":{"line":133,"column":29}},"63":{"start":{"line":134,"column":8},"end":{"line":134,"column":60}},"64":{"start":{"line":135,"column":8},"end":{"line":135,"column":30}},"65":{"start":{"line":136,"column":8},"end":{"line":136,"column":60}},"66":{"start":{"line":137,"column":8},"end":{"line":137,"column":30}},"67":{"start":{"line":138,"column":8},"end":{"line":138,"column":60}},"68":{"start":{"line":139,"column":8},"end":{"line":139,"column":30}},"69":{"start":{"line":140,"column":8},"end":{"line":140,"column":60}},"70":{"start":{"line":141,"column":8},"end":{"line":141,"column":30}},"71":{"start":{"line":142,"column":8},"end":{"line":142,"column":60}},"72":{"start":{"line":143,"column":8},"end":{"line":143,"column":30}},"73":{"start":{"line":144,"column":8},"end":{"line":144,"column":60}},"74":{"start":{"line":145,"column":8},"end":{"line":145,"column":30}},"75":{"start":{"line":146,"column":8},"end":{"line":146,"column":60}},"76":{"start":{"line":147,"column":8},"end":{"line":147,"column":30}},"77":{"start":{"line":148,"column":8},"end":{"line":148,"column":60}},"78":{"start":{"line":149,"column":8},"end":{"line":149,"column":30}},"79":{"start":{"line":150,"column":8},"end":{"line":150,"column":72}},"80":{"start":{"line":161,"column":8},"end":{"line":161,"column":15}},"81":{"start":{"line":162,"column":8},"end":{"line":162,"column":19}},"82":{"start":{"line":164,"column":8},"end":{"line":164,"column":31}},"83":{"start":{"line":165,"column":8},"end":{"line":165,"column":5760}},"84":{"start":{"line":166,"column":12},"end":{"line":166,"column":5811}},"85":{"start":{"line":167,"column":16},"end":{"line":167,"column":23}},"86":{"start":{"line":169,"column":16},"end":{"line":169,"column":23}},"87":{"start":{"line":170,"column":12},"end":{"line":170,"column":31}},"88":{"start":{"line":182,"column":8},"end":{"line":182,"column":31}},"89":{"start":{"line":183,"column":8},"end":{"line":183,"column":20}},"90":{"start":{"line":184,"column":8},"end":{"line":184,"column":6284}},"91":{"start":{"line":185,"column":12},"end":{"line":185,"column":6335}},"92":{"start":{"line":186,"column":16},"end":{"line":186,"column":28}},"93":{"start":{"line":198,"column":8},"end":{"line":198,"column":25}},"94":{"start":{"line":210,"column":8},"end":{"line":210,"column":21}},"95":{"start":{"line":222,"column":8},"end":{"line":222,"column":39}},"96":{"start":{"line":234,"column":8},"end":{"line":234,"column":31}},"97":{"start":{"line":235,"column":8},"end":{"line":235,"column":20}},"98":{"start":{"line":247,"column":8},"end":{"line":247,"column":31}},"99":{"start":{"line":248,"column":8},"end":{"line":248,"column":20}},"100":{"start":{"line":260,"column":8},"end":{"line":260,"column":31}},"101":{"start":{"line":261,"column":8},"end":{"line":261,"column":20}},"102":{"start":{"line":273,"column":8},"end":{"line":273,"column":61}},"103":{"start":{"line":285,"column":8},"end":{"line":285,"column":61}},"104":{"start":{"line":297,"column":8},"end":{"line":297,"column":43}},"105":{"start":{"line":309,"column":8},"end":{"line":309,"column":31}},"106":{"start":{"line":310,"column":8},"end":{"line":310,"column":20}},"107":{"start":{"line":322,"column":8},"end":{"line":322,"column":31}},"108":{"start":{"line":323,"column":8},"end":{"line":323,"column":20}},"109":{"start":{"line":335,"column":8},"end":{"line":335,"column":31}},"110":{"start":{"line":336,"column":8},"end":{"line":336,"column":20}}},"branchMap":{"1":{"line":28,"type":"if","locations":[{"start":{"line":28,"column":8},"end":{"line":28,"column":8}},{"start":{"line":28,"column":8},"end":{"line":28,"column":8}}]},"2":{"line":31,"type":"if","locations":[{"start":{"line":31,"column":8},"end":{"line":31,"column":8}},{"start":{"line":31,"column":8},"end":{"line":31,"column":8}}]},"3":{"line":40,"type":"if","locations":[{"start":{"line":40,"column":8},"end":{"line":40,"column":8}},{"start":{"line":40,"column":8},"end":{"line":40,"column":8}}]},"4":{"line":94,"type":"if","locations":[{"start":{"line":94,"column":8},"end":{"line":94,"column":8}},{"start":{"line":94,"column":8},"end":{"line":94,"column":8}}]},"5":{"line":95,"type":"if","locations":[{"start":{"line":95,"column":12},"end":{"line":95,"column":12}},{"start":{"line":95,"column":12},"end":{"line":95,"column":12}}]},"6":{"line":111,"type":"if","locations":[{"start":{"line":111,"column":8},"end":{"line":111,"column":8}},{"start":{"line":111,"column":8},"end":{"line":111,"column":8}}]},"7":{"line":115,"type":"if","locations":[{"start":{"line":115,"column":8},"end":{"line":115,"column":8}},{"start":{"line":115,"column":8},"end":{"line":115,"column":8}}]},"8":{"line":166,"type":"if","locations":[{"start":{"line":166,"column":12},"end":{"line":166,"column":12}},{"start":{"line":166,"column":12},"end":{"line":166,"column":12}}]},"9":{"line":182,"type":"if","locations":[{"start":{"line":182,"column":8},"end":{"line":182,"column":8}},{"start":{"line":182,"column":8},"end":{"line":182,"column":8}}]},"10":{"line":185,"type":"if","locations":[{"start":{"line":185,"column":12},"end":{"line":185,"column":12}},{"start":{"line":185,"column":12},"end":{"line":185,"column":12}}]},"11":{"line":234,"type":"if","locations":[{"start":{"line":234,"column":8},"end":{"line":234,"column":8}},{"start":{"line":234,"column":8},"end":{"line":234,"column":8}}]},"12":{"line":247,"type":"if","locations":[{"start":{"line":247,"column":8},"end":{"line":247,"column":8}},{"start":{"line":247,"column":8},"end":{"line":247,"column":8}}]},"13":{"line":260,"type":"if","locations":[{"start":{"line":260,"column":8},"end":{"line":260,"column":8}},{"start":{"line":260,"column":8},"end":{"line":260,"column":8}}]},"14":{"line":309,"type":"if","locations":[{"start":{"line":309,"column":8},"end":{"line":309,"column":8}},{"start":{"line":309,"column":8},"end":{"line":309,"column":8}}]},"15":{"line":322,"type":"if","locations":[{"start":{"line":322,"column":8},"end":{"line":322,"column":8}},{"start":{"line":322,"column":8},"end":{"line":322,"column":8}}]},"16":{"line":335,"type":"if","locations":[{"start":{"line":335,"column":8},"end":{"line":335,"column":8}},{"start":{"line":335,"column":8},"end":{"line":335,"column":8}}]}}},"contracts/lib/Search.sol":{"l":{"7":0,"8":0,"9":0},"path":"/Users/antonvs/Projects/gnosis/Onboarding-ICO/contracts/lib/Search.sol","s":{"1":0,"2":0,"3":0,"4":0},"b":{"1":[0,0]},"f":{"1":0},"fnMap":{"1":{"name":"indexOf","line":2,"loc":{"start":{"line":2,"column":4},"end":{"line":6,"column":5}}}},"statementMap":{"1":{"start":{"line":7,"column":8},"end":{"line":7,"column":179}},"2":{"start":{"line":8,"column":12},"end":{"line":8,"column":42}},"3":{"start":{"line":8,"column":34},"end":{"line":8,"column":42}},"4":{"start":{"line":9,"column":8},"end":{"line":9,"column":23}}},"branchMap":{"1":{"line":8,"type":"if","locations":[{"start":{"line":8,"column":12},"end":{"line":8,"column":12}},{"start":{"line":8,"column":12},"end":{"line":8,"column":12}}]}}},"contracts/SCMToken.sol":{"l":{"18":0,"19":0,"20":0,"21":0,"22":0,"23":0,"24":0,"29":0,"30":0,"35":0,"36":0,"38":0,"42":0,"43":0,"48":0},"path":"/Users/antonvs/Projects/gnosis/Onboarding-ICO/contracts/SCMToken.sol","s":{"1":0,"2":0,"3":0,"4":0,"5":0,"6":0,"7":0,"8":0,"9":0,"10":0,"11":0,"12":0,"13":0,"14":0,"15":0},"b":{"1":[0,0],"2":[0,0]},"f":{"1":0,"2":0,"3":0,"4":0},"fnMap":{"1":{"name":null,"line":16,"loc":{"start":{"line":16,"column":4},"end":{"line":17,"column":5}}},"2":{"name":"approveAndCall","line":28,"loc":{"start":{"line":28,"column":4},"end":{"line":28,"column":107}}},"3":{"name":"kill","line":41,"loc":{"start":{"line":41,"column":4},"end":{"line":41,"column":26}}},"4":{"name":null,"line":46,"loc":{"start":{"line":46,"column":4},"end":{"line":46,"column":21}}}},"statementMap":{"1":{"start":{"line":18,"column":8},"end":{"line":18,"column":25}},"2":{"start":{"line":19,"column":8},"end":{"line":19,"column":67}},"3":{"start":{"line":20,"column":8},"end":{"line":20,"column":26}},"4":{"start":{"line":21,"column":8},"end":{"line":21,"column":20}},"5":{"start":{"line":22,"column":8},"end":{"line":22,"column":20}},"6":{"start":{"line":23,"column":8},"end":{"line":23,"column":21}},"7":{"start":{"line":24,"column":8},"end":{"line":24,"column":90}},"8":{"start":{"line":29,"column":8},"end":{"line":29,"column":45}},"9":{"start":{"line":30,"column":8},"end":{"line":30,"column":51}},"10":{"start":{"line":35,"column":8},"end":{"line":35,"column":1942}},"11":{"start":{"line":36,"column":12},"end":{"line":36,"column":73}},"12":{"start":{"line":38,"column":8},"end":{"line":38,"column":19}},"13":{"start":{"line":42,"column":8},"end":{"line":42,"column":60}},"14":{"start":{"line":43,"column":8},"end":{"line":43,"column":26}},"15":{"start":{"line":48,"column":8},"end":{"line":48,"column":15}}},"branchMap":{"1":{"line":35,"type":"if","locations":[{"start":{"line":35,"column":8},"end":{"line":35,"column":8}},{"start":{"line":35,"column":8},"end":{"line":35,"column":8}}]},"2":{"line":42,"type":"if","locations":[{"start":{"line":42,"column":8},"end":{"line":42,"column":8}},{"start":{"line":42,"column":8},"end":{"line":42,"column":8}}]}}},"contracts/SimpleStorage.sol":{"l":{"7":2,"11":2},"path":"/Users/antonvs/Projects/gnosis/Onboarding-ICO/contracts/SimpleStorage.sol","s":{"1":2,"2":2},"b":{},"f":{"1":2,"2":2},"fnMap":{"1":{"name":"set","line":6,"loc":{"start":{"line":6,"column":2},"end":{"line":6,"column":29}}},"2":{"name":"get","line":10,"loc":{"start":{"line":10,"column":2},"end":{"line":10,"column":43}}}},"statementMap":{"1":{"start":{"line":7,"column":4},"end":{"line":7,"column":17}},"2":{"start":{"line":11,"column":4},"end":{"line":11,"column":21}}},"branchMap":{}},"contracts/StandardToken.sol":{"l":{"23":0,"24":0,"25":0,"26":0,"27":0,"29":0,"36":0,"37":0,"38":0,"39":0,"40":0,"41":0,"43":0,"44":0,"48":0,"52":0,"53":0,"54":0,"58":0,"62":1},"path":"/Users/antonvs/Projects/gnosis/Onboarding-ICO/contracts/StandardToken.sol","s":{"1":0,"2":0,"3":0,"4":0,"5":0,"6":0,"7":0,"8":0,"9":0,"10":0,"11":0,"12":0,"13":0,"14":0,"15":0,"16":0,"17":0,"18":0,"19":0,"20":1},"b":{"1":[0,0],"2":[0,0],"3":[0,0]},"f":{"1":0,"2":0,"3":0,"4":0,"5":0,"6":1},"fnMap":{"1":{"name":"transfer","line":18,"loc":{"start":{"line":18,"column":4},"end":{"line":18,"column":78}}},"2":{"name":"transferFrom","line":33,"loc":{"start":{"line":33,"column":4},"end":{"line":33,"column":97}}},"3":{"name":"balanceOf","line":47,"loc":{"start":{"line":47,"column":4},"end":{"line":47,"column":74}}},"4":{"name":"approve","line":51,"loc":{"start":{"line":51,"column":4},"end":{"line":51,"column":82}}},"5":{"name":"allowance","line":57,"loc":{"start":{"line":57,"column":4},"end":{"line":57,"column":94}}},"6":{"name":"totalSupply","line":61,"loc":{"start":{"line":61,"column":4},"end":{"line":61,"column":53}}}},"statementMap":{"1":{"start":{"line":23,"column":8},"end":{"line":23,"column":917}},"2":{"start":{"line":24,"column":12},"end":{"line":24,"column":41}},"3":{"start":{"line":25,"column":12},"end":{"line":25,"column":34}},"4":{"start":{"line":26,"column":12},"end":{"line":26,"column":50}},"5":{"start":{"line":27,"column":12},"end":{"line":27,"column":23}},"6":{"start":{"line":29,"column":12},"end":{"line":29,"column":24}},"7":{"start":{"line":36,"column":8},"end":{"line":36,"column":50}},"8":{"start":{"line":37,"column":8},"end":{"line":37,"column":78}},"9":{"start":{"line":38,"column":12},"end":{"line":38,"column":34}},"10":{"start":{"line":39,"column":12},"end":{"line":39,"column":36}},"11":{"start":{"line":40,"column":12},"end":{"line":40,"column":1755}},"12":{"start":{"line":41,"column":16},"end":{"line":41,"column":51}},"13":{"start":{"line":43,"column":12},"end":{"line":43,"column":45}},"14":{"start":{"line":44,"column":12},"end":{"line":44,"column":23}},"15":{"start":{"line":48,"column":8},"end":{"line":48,"column":31}},"16":{"start":{"line":52,"column":8},"end":{"line":52,"column":45}},"17":{"start":{"line":53,"column":8},"end":{"line":53,"column":51}},"18":{"start":{"line":54,"column":8},"end":{"line":54,"column":19}},"19":{"start":{"line":58,"column":8},"end":{"line":58,"column":40}},"20":{"start":{"line":62,"column":8},"end":{"line":62,"column":26}}},"branchMap":{"1":{"line":23,"type":"if","locations":[{"start":{"line":23,"column":8},"end":{"line":23,"column":8}},{"start":{"line":23,"column":8},"end":{"line":23,"column":8}}]},"2":{"line":37,"type":"if","locations":[{"start":{"line":37,"column":8},"end":{"line":37,"column":8}},{"start":{"line":37,"column":8},"end":{"line":37,"column":8}}]},"3":{"line":40,"type":"if","locations":[{"start":{"line":40,"column":12},"end":{"line":40,"column":12}},{"start":{"line":40,"column":12},"end":{"line":40,"column":12}}]}}},"contracts/Token.sol":{"l":{},"path":"/Users/antonvs/Projects/gnosis/Onboarding-ICO/contracts/Token.sol","s":{},"b":{},"f":{},"fnMap":{},"statementMap":{},"branchMap":{}}}