TN:
SF:/Users/antonvs/Projects/gnosis/Onboarding-ICO/contracts/FactorySample/ContractFactory.sol
FN:5,createContract
FN:12,getnewContracts
FN:16,depositEther
FN:20,returnEther
FN:30,Contract
FNF:5
FNH:0
FNDA:0,createContract
FNDA:0,getnewContracts
FNDA:0,depositEther
FNDA:0,returnEther
FNDA:0,Contract
DA:6,0
DA:7,0
DA:13,0
DA:17,0
DA:21,0
DA:31,0
LF:6
LH:0
BRF:0
BRH:0
end_of_record
TN:
SF:/Users/antonvs/Projects/gnosis/Onboarding-ICO/contracts/lib/SafeMath.sol
FN:21,exp
FN:106,ln
FN:156,floorLog2
FN:177,max
FN:193,safeToAdd
FN:205,safeToSub
FN:217,safeToMul
FN:229,add
FN:242,sub
FN:255,mul
FN:268,safeToAdd
FN:280,safeToSub
FN:292,safeToMul
FN:304,add
FN:317,sub
FN:330,mul
FNF:16
FNH:0
FNDA:0,exp
FNDA:0,ln
FNDA:0,floorLog2
FNDA:0,max
FNDA:0,safeToAdd
FNDA:0,safeToSub
FNDA:0,safeToMul
FNDA:0,add
FNDA:0,sub
FNDA:0,mul
FNDA:0,safeToAdd
FNDA:0,safeToSub
FNDA:0,safeToMul
FNDA:0,add
FNDA:0,sub
FNDA:0,mul
DA:28,0
DA:31,0
DA:32,0
DA:34,0
DA:38,0
DA:39,0
DA:40,0
DA:41,0
DA:42,0
DA:45,0
DA:46,0
DA:61,0
DA:62,0
DA:63,0
DA:64,0
DA:65,0
DA:66,0
DA:67,0
DA:68,0
DA:69,0
DA:70,0
DA:71,0
DA:72,0
DA:73,0
DA:74,0
DA:75,0
DA:76,0
DA:77,0
DA:78,0
DA:79,0
DA:80,0
DA:81,0
DA:82,0
DA:83,0
DA:84,0
DA:85,0
DA:86,0
DA:87,0
DA:88,0
DA:89,0
DA:90,0
DA:91,0
DA:92,0
DA:93,0
DA:94,0
DA:95,0
DA:96,0
DA:97,0
DA:100,0
DA:111,0
DA:113,0
DA:114,0
DA:115,0
DA:116,0
DA:118,0
DA:124,0
DA:125,0
DA:126,0
DA:127,0
DA:128,0
DA:129,0
DA:130,0
DA:131,0
DA:132,0
DA:133,0
DA:134,0
DA:135,0
DA:136,0
DA:137,0
DA:138,0
DA:139,0
DA:140,0
DA:141,0
DA:142,0
DA:143,0
DA:144,0
DA:145,0
DA:146,0
DA:147,0
DA:148,0
DA:149,0
DA:150,0
DA:161,0
DA:162,0
DA:164,0
DA:165,0
DA:166,0
DA:167,0
DA:169,0
DA:170,0
DA:182,0
DA:183,0
DA:184,0
DA:185,0
DA:186,0
DA:198,0
DA:210,0
DA:222,0
DA:234,0
DA:235,0
DA:247,0
DA:248,0
DA:260,0
DA:261,0
DA:273,0
DA:285,0
DA:297,0
DA:309,0
DA:310,0
DA:322,0
DA:323,0
DA:335,0
DA:336,0
LF:113
LH:0
BRDA:28,1,0,0
BRDA:28,1,1,0
BRDA:31,2,0,0
BRDA:31,2,1,0
BRDA:40,3,0,0
BRDA:40,3,1,0
BRDA:94,4,0,0
BRDA:94,4,1,0
BRDA:95,5,0,0
BRDA:95,5,1,0
BRDA:111,6,0,0
BRDA:111,6,1,0
BRDA:115,7,0,0
BRDA:115,7,1,0
BRDA:166,8,0,0
BRDA:166,8,1,0
BRDA:182,9,0,0
BRDA:182,9,1,0
BRDA:185,10,0,0
BRDA:185,10,1,0
BRDA:234,11,0,0
BRDA:234,11,1,0
BRDA:247,12,0,0
BRDA:247,12,1,0
BRDA:260,13,0,0
BRDA:260,13,1,0
BRDA:309,14,0,0
BRDA:309,14,1,0
BRDA:322,15,0,0
BRDA:322,15,1,0
BRDA:335,16,0,0
BRDA:335,16,1,0
BRF:32
BRH:0
end_of_record
TN:
SF:/Users/antonvs/Projects/gnosis/Onboarding-ICO/contracts/lib/Search.sol
FN:2,indexOf
FNF:1
FNH:0
FNDA:0,indexOf
DA:7,0
DA:8,0
DA:9,0
LF:3
LH:0
BRDA:8,1,0,0
BRDA:8,1,1,0
BRF:2
BRH:0
end_of_record
TN:
SF:/Users/antonvs/Projects/gnosis/Onboarding-ICO/contracts/SCMToken.sol
FN:16,
FN:28,approveAndCall
FN:41,kill
FN:46,
FNF:4
FNH:0
FNDA:0,
FNDA:0,approveAndCall
FNDA:0,kill
FNDA:0,
DA:18,0
DA:19,0
DA:20,0
DA:21,0
DA:22,0
DA:23,0
DA:24,0
DA:29,0
DA:30,0
DA:35,0
DA:36,0
DA:38,0
DA:42,0
DA:43,0
DA:48,0
LF:15
LH:0
BRDA:35,1,0,0
BRDA:35,1,1,0
BRDA:42,2,0,0
BRDA:42,2,1,0
BRF:4
BRH:0
end_of_record
TN:
SF:/Users/antonvs/Projects/gnosis/Onboarding-ICO/contracts/SimpleStorage.sol
FN:6,set
FN:10,get
FNF:2
FNH:2
FNDA:2,set
FNDA:2,get
DA:7,2
DA:11,2
LF:2
LH:2
BRF:0
BRH:0
end_of_record
TN:
SF:/Users/antonvs/Projects/gnosis/Onboarding-ICO/contracts/StandardToken.sol
FN:18,transfer
FN:33,transferFrom
FN:47,balanceOf
FN:51,approve
FN:57,allowance
FN:61,totalSupply
FNF:6
FNH:1
FNDA:0,transfer
FNDA:0,transferFrom
FNDA:0,balanceOf
FNDA:0,approve
FNDA:0,allowance
FNDA:1,totalSupply
DA:23,0
DA:24,0
DA:25,0
DA:26,0
DA:27,0
DA:29,0
DA:36,0
DA:37,0
DA:38,0
DA:39,0
DA:40,0
DA:41,0
DA:43,0
DA:44,0
DA:48,0
DA:52,0
DA:53,0
DA:54,0
DA:58,0
DA:62,1
LF:20
LH:1
BRDA:23,1,0,0
BRDA:23,1,1,0
BRDA:37,2,0,0
BRDA:37,2,1,0
BRDA:40,3,0,0
BRDA:40,3,1,0
BRF:6
BRH:0
end_of_record
TN:
SF:/Users/antonvs/Projects/gnosis/Onboarding-ICO/contracts/Token.sol
FNF:0
FNH:0
LF:0
LH:0
BRF:0
BRH:0
end_of_record
